Removed Pin From Net: NetName=GND Pin=C14-1
Removed Pin From Net: NetName=GND Pin=C15-1
Removed Pin From Net: NetName=GND Pin=C16-1
Removed Pin From Net: NetName=GND Pin=C17-1
Removed Pin From Net: NetName=+5V0 Pin=C17-2
Removed Pin From Net: NetName=GND Pin=C18-1
Removed Pin From Net: NetName=GND Pin=C19-1
Removed Pin From Net: NetName=GND Pin=C20-1
Removed Pin From Net: NetName=GND Pin=C21-1
Removed Pin From Net: NetName=GND Pin=C22-1
Removed Pin From Net: NetName=GND Pin=C23-1
Removed Pin From Net: NetName=GND Pin=C24-1
Removed Pin From Net: NetName=GND Pin=IC3-4
Removed Pin From Net: NetName=GND Pin=IC4-3
Removed Pin From Net: NetName=GND Pin=IC4-5
Removed Pin From Net: NetName=+5V0 Pin=IC4-6
Removed Pin From Net: NetName=GND Pin=IC4-7
Removed Pin From Net: NetName=B2_PG Pin=R12-2
Removed Pin From Net: NetName=GND Pin=R14-1
Removed Member From Class: ClassName=PowerSupply Member=C14
Removed Member From Class: ClassName=PowerSupply Member=C15
Removed Member From Class: ClassName=PowerSupply Member=C16
Removed Member From Class: ClassName=PowerSupply Member=C17
Removed Member From Class: ClassName=PowerSupply Member=C18
Removed Member From Class: ClassName=PowerSupply Member=C19
Removed Member From Class: ClassName=PowerSupply Member=C20
Removed Member From Class: ClassName=PowerSupply Member=C21
Removed Member From Class: ClassName=PowerSupply Member=C22
Removed Member From Class: ClassName=PowerSupply Member=C23
Removed Member From Class: ClassName=PowerSupply Member=C24
Removed Member From Class: ClassName=PowerSupply Member=FB1
Removed Member From Class: ClassName=PowerSupply Member=IC3
Removed Member From Class: ClassName=PowerSupply Member=IC4
Removed Member From Class: ClassName=PowerSupply Member=R12
Removed Member From Class: ClassName=PowerSupply Member=R13
Removed Member From Class: ClassName=PowerSupply Member=R14
Change Component Designator: OldDesignator=C25 NewDesignator=C14
Change Component Designator: OldDesignator=C26 NewDesignator=C15
Change Component Designator: OldDesignator=C27 NewDesignator=C16
Change Component Designator: OldDesignator=C28 NewDesignator=C17
Change Component Designator: OldDesignator=C29 NewDesignator=C18
Change Component Designator: OldDesignator=C30 NewDesignator=C19
Change Component Designator: OldDesignator=C31 NewDesignator=C20
Change Component Designator: OldDesignator=C32 NewDesignator=C21
Change Component Designator: OldDesignator=C33 NewDesignator=C22
Change Component Designator: OldDesignator=C34 NewDesignator=C23
Change Component Designator: OldDesignator=C35 NewDesignator=C24
Change Component Designator: OldDesignator=C36 NewDesignator=C25
Change Component Designator: OldDesignator=C37 NewDesignator=C26
Change Component Designator: OldDesignator=C38 NewDesignator=C27
Change Component Designator: OldDesignator=C39 NewDesignator=C28
Change Component Designator: OldDesignator=C40 NewDesignator=C29
Change Component Designator: OldDesignator=C41 NewDesignator=C30
Change Component Designator: OldDesignator=C42 NewDesignator=C31
Change Component Designator: OldDesignator=C43 NewDesignator=C32
Change Component Designator: OldDesignator=C44 NewDesignator=C33
Change Component Designator: OldDesignator=C45 NewDesignator=C34
Change Component Designator: OldDesignator=C46 NewDesignator=C35
Change Component Designator: OldDesignator=C47 NewDesignator=C36
Change Component Designator: OldDesignator=C48 NewDesignator=C37
Change Component Designator: OldDesignator=C49 NewDesignator=C38
Change Component Designator: OldDesignator=C50 NewDesignator=C39
Change Component Designator: OldDesignator=C51 NewDesignator=C40
Change Component Designator: OldDesignator=C52 NewDesignator=C41
Change Component Designator: OldDesignator=C53 NewDesignator=C42
Change Component Designator: OldDesignator=C54 NewDesignator=C43
Change Component Designator: OldDesignator=C55 NewDesignator=C44
Change Component Designator: OldDesignator=C56 NewDesignator=C45
Change Component Designator: OldDesignator=C57 NewDesignator=C46
Change Component Designator: OldDesignator=C58 NewDesignator=C47
Change Component Designator: OldDesignator=C59 NewDesignator=C48
Change Component Designator: OldDesignator=C60 NewDesignator=C49
Change Component Designator: OldDesignator=C61 NewDesignator=C50
Change Component Designator: OldDesignator=C62 NewDesignator=C51
Change Component Designator: OldDesignator=C63 NewDesignator=C52
Change Component Designator: OldDesignator=C64 NewDesignator=C53
Change Component Designator: OldDesignator=C65 NewDesignator=C54
Change Component Designator: OldDesignator=C66 NewDesignator=C55
Change Component Designator: OldDesignator=C67 NewDesignator=C56
Change Component Designator: OldDesignator=C68 NewDesignator=C57
Change Component Designator: OldDesignator=C69 NewDesignator=C58
Change Component Designator: OldDesignator=C70 NewDesignator=C59
Change Component Designator: OldDesignator=C71 NewDesignator=C60
Change Component Designator: OldDesignator=C72 NewDesignator=C61
Change Component Designator: OldDesignator=C73 NewDesignator=C62
Change Component Designator: OldDesignator=C74 NewDesignator=C63
Change Component Designator: OldDesignator=C75 NewDesignator=C64
Change Component Designator: OldDesignator=C76 NewDesignator=C65
Change Component Designator: OldDesignator=C77 NewDesignator=C66
Change Component Designator: OldDesignator=C78 NewDesignator=C67
Change Component Designator: OldDesignator=C79 NewDesignator=C68
Change Component Designator: OldDesignator=C80 NewDesignator=C69
Change Component Designator: OldDesignator=C81 NewDesignator=C70
Change Component Designator: OldDesignator=C82 NewDesignator=C71
Change Component Designator: OldDesignator=C83 NewDesignator=C72
Change Component Designator: OldDesignator=C84 NewDesignator=C73
Change Component Designator: OldDesignator=C85 NewDesignator=C74
Change Component Designator: OldDesignator=C86 NewDesignator=C75
Change Component Designator: OldDesignator=C87 NewDesignator=C76
Change Component Designator: OldDesignator=C88 NewDesignator=C77
Change Component Designator: OldDesignator=C89 NewDesignator=C78
Change Component Designator: OldDesignator=C90 NewDesignator=C79
Change Component Designator: OldDesignator=C91 NewDesignator=C80
Change Component Designator: OldDesignator=C92 NewDesignator=C81
Change Component Designator: OldDesignator=C93 NewDesignator=C82
Change Component Designator: OldDesignator=C94 NewDesignator=C83
Change Component Designator: OldDesignator=C95 NewDesignator=C84
Change Component Designator: OldDesignator=FB2 NewDesignator=FB1
Change Component Designator: OldDesignator=FB3 NewDesignator=FB2
Change Component Designator: OldDesignator=IC5 NewDesignator=IC3
Change Component Designator: OldDesignator=IC6 NewDesignator=IC4
Change Component Designator: OldDesignator=IC7 NewDesignator=IC5
Change Component Designator: OldDesignator=IC8 NewDesignator=IC6
Change Component Designator: OldDesignator=IC9 NewDesignator=IC7
Change Component Designator: OldDesignator=IC10 NewDesignator=IC8
Change Component Designator: OldDesignator=IC11 NewDesignator=IC9
Change Component Designator: OldDesignator=IC12 NewDesignator=IC10
Change Component Designator: OldDesignator=IC13 NewDesignator=IC11
Change Component Designator: OldDesignator=IC14 NewDesignator=IC12
Change Component Designator: OldDesignator=IC15 NewDesignator=IC13
Change Component Designator: OldDesignator=IC16 NewDesignator=IC14
Change Component Designator: OldDesignator=IC17 NewDesignator=IC15
Change Component Designator: OldDesignator=R15 NewDesignator=R12
Change Component Designator: OldDesignator=R16 NewDesignator=R13
Change Component Designator: OldDesignator=R17 NewDesignator=R14
Change Component Designator: OldDesignator=R18 NewDesignator=R15
Change Component Designator: OldDesignator=R19 NewDesignator=R16
Change Component Designator: OldDesignator=R20 NewDesignator=R17
Change Component Designator: OldDesignator=R21 NewDesignator=R18
Change Component Designator: OldDesignator=R22 NewDesignator=R19
Change Component Designator: OldDesignator=R23 NewDesignator=R20
Change Component Designator: OldDesignator=R24 NewDesignator=R21
Change Component Designator: OldDesignator=R25 NewDesignator=R22
Change Component Designator: OldDesignator=R26 NewDesignator=R23
Change Component Designator: OldDesignator=R27 NewDesignator=R24
Change Component Designator: OldDesignator=R28 NewDesignator=R25
Change Component Designator: OldDesignator=R29 NewDesignator=R26
Change Component Designator: OldDesignator=R30 NewDesignator=R27
Change Component Designator: OldDesignator=R31 NewDesignator=R28
Change Component Designator: OldDesignator=R32 NewDesignator=R29
Change Component Designator: OldDesignator=R33 NewDesignator=R30
Change Component Designator: OldDesignator=R34 NewDesignator=R31
Change Component Designator: OldDesignator=R35 NewDesignator=R32
Change Component Designator: OldDesignator=R36 NewDesignator=R33
Change Component Designator: OldDesignator=R37 NewDesignator=R34
Change Net Name : Old Net Name=NetIC7_1 New Net Name=NetIC5_1
Change Net Name : Old Net Name=NetIC8_1 New Net Name=NetIC6_1
Change Net Name : Old Net Name=NetIC9_1 New Net Name=NetIC7_1
Change Net Name : Old Net Name=NetIC10_1 New Net Name=NetIC8_1
Change Net Name : Old Net Name=NetIC12_1 New Net Name=NetIC10_1
Change Net Name : Old Net Name=NetIC13_1 New Net Name=NetIC11_1
Change Net Name : Old Net Name=NetIC14_1 New Net Name=NetIC12_1
Change Net Name : Old Net Name=NetIC15_1 New Net Name=NetIC13_1
Added Member To Class: ClassName=MultiChannelADC Member=Component C64 100n
Added Member To Class: ClassName=MultiChannelADC Member=Component C65 100n
Added Member To Class: ClassName=MultiChannelADC Member=Component C66 15n
Added Member To Class: ClassName=MultiChannelADC Member=Component C67 15n
Added Member To Class: ClassName=MultiChannelADC Member=Component C68 100n
Added Member To Class: ClassName=MultiChannelADC Member=Component C69 100n
Added Member To Class: ClassName=MultiChannelADC Member=Component C70 100n
Added Member To Class: ClassName=MultiChannelADC Member=Component C71 100n
Added Member To Class: ClassName=MultiChannelADC Member=Component C72 15n
Added Member To Class: ClassName=MultiChannelADC Member=Component C73 15n
Added Member To Class: ClassName=MultiChannelADC Member=Component C74 100n
Added Member To Class: ClassName=MultiChannelADC Member=Component C75 100n
Added Member To Class: ClassName=MultiChannelADC Member=Component C76 15n
Added Member To Class: ClassName=MultiChannelADC Member=Component C77 15n
Added Member To Class: ClassName=MultiChannelADC Member=Component C78 100n
Added Member To Class: ClassName=MultiChannelADC Member=Component C79 100n
Added Member To Class: ClassName=MultiChannelADC Member=Component C80 15n
Added Member To Class: ClassName=MultiChannelADC Member=Component C81 15n
Added Member To Class: ClassName=IsolationBarriers Member=Component C82 10u
Added Member To Class: ClassName=IsolationBarriers Member=Component C83 10u
Added Member To Class: ClassName=IsolationBarriers Member=Component C84 10u
Added Member To Class: ClassName=MultiChannelADC Member=Component IC5 TLV3541IDBVR
Added Member To Class: ClassName=MultiChannelADC Member=Component IC6 TLV3541IDBVR
Added Member To Class: ClassName=MultiChannelADC Member=Component IC7 TLV3541IDBVR
Added Member To Class: ClassName=MultiChannelADC Member=Component J4 09221326921
Added Member To Class: ClassName=MultiChannelADC Member=Component R26 49R9
Added Member To Class: ClassName=MultiChannelADC Member=Component R27 49R9
Added Member To Class: ClassName=MultiChannelADC Member=Component R28 49R9
Added Member To Class: ClassName=MultiChannelADC Member=Component R29 49R9
Added Member To Class: ClassName=MultiChannelADC Member=Component R30 49R9
Added Member To Class: ClassName=MultiChannelADC Member=Component R31 49R9
Added Member To Class: ClassName=MultiChannelADC Member=Component R32 49R9
Added Member To Class: ClassName=MultiChannelADC Member=Component R33 49R9
Added Member To Class: ClassName=IsolationBarriers Member=Component R34 1Meg
