Added Member To Class: ClassName=MultiChannelADC Member=Component C75 100n
Added Member To Class: ClassName=MultiChannelADC Member=Component C76 100n
Added Member To Class: ClassName=MultiChannelADC Member=Component C77 15n
Added Member To Class: ClassName=MultiChannelADC Member=Component C78 15n
Added Member To Class: ClassName=MultiChannelADC Member=Component C79 100n
Added Member To Class: ClassName=MultiChannelADC Member=Component C80 100n
Added Member To Class: ClassName=MultiChannelADC Member=Component C81 100n
Added Member To Class: ClassName=MultiChannelADC Member=Component C82 100n
Added Member To Class: ClassName=MultiChannelADC Member=Component C83 15n
Added Member To Class: ClassName=MultiChannelADC Member=Component C84 15n
Added Member To Class: ClassName=MultiChannelADC Member=Component C85 100n
Added Member To Class: ClassName=MultiChannelADC Member=Component C86 100n
Added Member To Class: ClassName=MultiChannelADC Member=Component C87 15n
Added Member To Class: ClassName=MultiChannelADC Member=Component C88 15n
Added Member To Class: ClassName=MultiChannelADC Member=Component C89 100n
Added Member To Class: ClassName=MultiChannelADC Member=Component C90 100n
Added Member To Class: ClassName=MultiChannelADC Member=Component C91 15n
Added Member To Class: ClassName=MultiChannelADC Member=Component C92 15n
Added Member To Class: ClassName=IsolationBarriers Member=Component C93 10u
Added Member To Class: ClassName=IsolationBarriers Member=Component C94 10u
Added Member To Class: ClassName=IsolationBarriers Member=Component C95 10u
Added Member To Class: ClassName=MultiChannelADC Member=Component IC7 TLV3541IDBVR
Added Member To Class: ClassName=MultiChannelADC Member=Component IC8 TLV3541IDBVR
Added Member To Class: ClassName=MultiChannelADC Member=Component IC9 TLV3541IDBVR
Added Member To Class: ClassName=MultiChannelADC Member=Component J4 09221326921
Added Member To Class: ClassName=MultiChannelADC Member=Component R29 49R9
Added Member To Class: ClassName=MultiChannelADC Member=Component R30 49R9
Added Member To Class: ClassName=MultiChannelADC Member=Component R31 49R9
Added Member To Class: ClassName=MultiChannelADC Member=Component R32 49R9
Added Member To Class: ClassName=MultiChannelADC Member=Component R33 49R9
Added Member To Class: ClassName=MultiChannelADC Member=Component R34 49R9
Added Member To Class: ClassName=MultiChannelADC Member=Component R35 49R9
Added Member To Class: ClassName=MultiChannelADC Member=Component R36 49R9
Added Member To Class: ClassName=IsolationBarriers Member=Component R37 1Meg
