Removed Pin From Net: NetName=+3V3 Pin=C84-2
Removed Pin From Net: NetName=+3V3 Pin=IC15-1
Removed Pin From Net: NetName=+3V3 Pin=R34-1
Removed Member From Class: ClassName=MCUConfig Member=C35
Removed Member From Class: ClassName=MCUConfig Member=C39
Removed Member From Class: ClassName=SDRAMModule Member=C40
Removed Member From Class: ClassName=MultiChannelADC Member=C52
Removed Member From Class: ClassName=USBHSULPI Member=C52
Removed Member From Class: ClassName=MultiChannelADC Member=C53
Removed Member From Class: ClassName=MultiChannelADC Member=C54
Removed Member From Class: ClassName=MultiChannelADC Member=C55
Removed Member From Class: ClassName=MultiChannelADC Member=C56
Removed Member From Class: ClassName=MultiChannelADC Member=C57
Removed Member From Class: ClassName=MultiChannelADC Member=C58
Removed Member From Class: ClassName=MultiChannelADC Member=C59
Removed Member From Class: ClassName=MultiChannelADC Member=C60
Removed Member From Class: ClassName=MultiChannelADC Member=C61
Removed Member From Class: ClassName=MultiChannelADC Member=C62
Removed Member From Class: ClassName=IsolationBarriers Member=C71
Removed Member From Class: ClassName=IsolationBarriers Member=C72
Removed Member From Class: ClassName=IsolationBarriers Member=C73
Removed Member From Class: ClassName=GPIOPins Member=R16
Removed Member From Class: ClassName=USBHSULPI Member=R18
Removed Member From Class: ClassName=MultiChannelADC Member=R20
Removed Member From Class: ClassName=MultiChannelADC Member=R22
Removed Member From Class: ClassName=MultiChannelADC Member=R24
Removed Member From Class: ClassName=IsolationBarriers Member=R31
Added Pin To Net: NetName=+5V0 Pin=C84-2
Added Pin To Net: NetName=+5V0 Pin=IC15-1
Added Pin To Net: NetName=+5V0 Pin=R34-1
Added Member To Class: ClassName=Decoupling Member=Component C14 100n
Added Member To Class: ClassName=Decoupling Member=Component C15 100n
Added Member To Class: ClassName=Decoupling Member=Component C16 100n
Added Member To Class: ClassName=Decoupling Member=Component C17 100n
Added Member To Class: ClassName=Decoupling Member=Component C18 100n
Added Member To Class: ClassName=Decoupling Member=Component C19 100n
Added Member To Class: ClassName=Decoupling Member=Component C20 100n
Added Member To Class: ClassName=Decoupling Member=Component C21 100n
Added Member To Class: ClassName=Decoupling Member=Component C22 100n
Added Member To Class: ClassName=Decoupling Member=Component C23 100n
Added Member To Class: ClassName=Decoupling Member=Component C24 100n
Added Member To Class: ClassName=Decoupling Member=Component C26 100n
Added Member To Class: ClassName=Decoupling Member=Component C28 100n
Added Member To Class: ClassName=Decoupling Member=Component C30 10u
Added Member To Class: ClassName=Decoupling Member=Component C32 100n
Added Member To Class: ClassName=Decoupling Member=Component C34 100n
Added Member To Class: ClassName=Decoupling Member=Component C36 100n
Added Member To Class: ClassName=Decoupling Member=Component C42 47u
Added Member To Class: ClassName=Decoupling Member=Component C44 47u
Added Member To Class: ClassName=MCUConfig Member=Component C46 100n
Added Member To Class: ClassName=MCUConfig Member=Component C50 10p
Added Member To Class: ClassName=SDRAMModule Member=Component C51 100n
Added Member To Class: ClassName=USBHSULPI Member=Component C63 2u2
Added Member To Class: ClassName=MultiChannelADC Member=Component C69 100n
Added Member To Class: ClassName=MultiChannelADC Member=Component C71 100n
Added Member To Class: ClassName=MultiChannelADC Member=Component C72 15n
Added Member To Class: ClassName=MultiChannelADC Member=Component C73 15n
Added Member To Class: ClassName=MultiChannelADC Member=Component C74 100n
Added Member To Class: ClassName=MultiChannelADC Member=Component C75 100n
Added Member To Class: ClassName=MultiChannelADC Member=Component C76 15n
Added Member To Class: ClassName=MultiChannelADC Member=Component C77 15n
Added Member To Class: ClassName=MultiChannelADC Member=Component C78 100n
Added Member To Class: ClassName=MultiChannelADC Member=Component C79 100n
Added Member To Class: ClassName=MultiChannelADC Member=Component C80 15n
Added Member To Class: ClassName=MultiChannelADC Member=Component C81 15n
Added Member To Class: ClassName=IsolationBarriers Member=Component C82 10u
Added Member To Class: ClassName=IsolationBarriers Member=Component C83 10u
Added Member To Class: ClassName=IsolationBarriers Member=Component C84 10u
Added Member To Class: ClassName=Decoupling Member=Component FB1 120R @ 100 MHz
Added Member To Class: ClassName=Decoupling Member=Component IC3 STM32H747IGT6
Added Member To Class: ClassName=SDRAMModule Member=Component IC4 IS42S16400J-7TL
Added Member To Class: ClassName=MultiChannelADC Member=Component IC6 TLV3541IDBVR
Added Member To Class: ClassName=MultiChannelADC Member=Component IC9 ADC128S052CIMTX/NOPB
Added Member To Class: ClassName=MultiChannelADC Member=Component IC12 TLV3541IDBVR
Added Member To Class: ClassName=MCUConfig Member=Component R12 100k
Added Member To Class: ClassName=MCUConfig Member=Component R13 22R
Added Member To Class: ClassName=MCUConfig Member=Component R14 100k
Added Member To Class: ClassName=MCUConfig Member=Component R15 100k
Added Member To Class: ClassName=GPIOPins Member=Component R17 22R
Added Member To Class: ClassName=GPIOPins Member=Component R19 22R
Added Member To Class: ClassName=USBHSULPI Member=Component R21 22R
Added Member To Class: ClassName=USBHSULPI Member=Component R23 5k1
Added Member To Class: ClassName=USBHSULPI Member=Component R25 8k06
Added Member To Class: ClassName=MultiChannelADC Member=Component R30 49R9
Added Member To Class: ClassName=MultiChannelADC Member=Component R31 49R9
Added Member To Class: ClassName=MultiChannelADC Member=Component R32 49R9
Added Member To Class: ClassName=MultiChannelADC Member=Component R33 49R9
Added Member To Class: ClassName=IsolationBarriers Member=Component R34 1Meg
